#
# There is insufficient memory for the Java Runtime Environment to continue.
# Native memory allocation (mmap) failed to map 134217728 bytes. Error detail: G1 virtual space
# Possible reasons:
#   The system is out of physical RAM or swap space
#   This process is running with CompressedOops enabled, and the Java Heap may be blocking the growth of the native heap
# Possible solutions:
#   Reduce memory load on the system
#   Increase physical memory or swap space
#   Check if swap backing store is full
#   Decrease Java heap size (-Xmx/-Xms)
#   Decrease number of Java threads
#   Decrease Java thread stack sizes (-Xss)
#   Set larger code cache with -XX:ReservedCodeCacheSize=
#   JVM is running with Unscaled Compressed Oops mode in which the Java heap is
#     placed in the first 4GB address space. The Java Heap base address is the
#     maximum limit for the native heap growth. Please use -XX:HeapBaseMinAddress
#     to set the Java Heap base and to place the Java Heap above 4GB virtual address.
# This output file may be truncated or incomplete.
#
#  Out of Memory Error (os_windows.cpp:3825), pid=8252, tid=7656
#
# JRE version:  (17.0.11) (build )
# Java VM: OpenJDK 64-Bit Server VM (17.0.11+0--11852314, mixed mode, sharing, tiered, compressed oops, compressed class ptrs, g1 gc, windows-amd64)
# No core dump will be written. Minidumps are not enabled by default on client versions of Windows
#

---------------  S U M M A R Y ------------

Command Line: org.jetbrains.kotlin.cli.jvm.K2JVMCompiler @C:\Users\PC\AndroidStudioProjects\FitnessSportsApp-YT-Tutorial\app\build\20240905_10988203801250972048.compiler.options

Host: Intel(R) Core(TM) i3-4170 CPU @ 3.70GHz, 4 cores, 7G,  Windows 10 , 64 bit Build 19041 (10.0.19041.3636)
Time: Thu Sep  5 20:39:20 2024 China Standard Time elapsed time: 0.019142 seconds (0d 0h 0m 0s)

---------------  T H R E A D  ---------------

Current thread (0x00000143311ad570):  JavaThread "Unknown thread" [_thread_in_vm, id=7656, stack(0x0000003f18400000,0x0000003f18500000)]

Stack: [0x0000003f18400000,0x0000003f18500000]
Native frames: (J=compiled Java code, j=interpreted, Vv=VM code, C=native code)
V  [jvm.dll+0x687bb9]
V  [jvm.dll+0x84142a]
V  [jvm.dll+0x8430ae]
V  [jvm.dll+0x843713]
V  [jvm.dll+0x24a35f]
V  [jvm.dll+0x684989]
V  [jvm.dll+0x67923a]
V  [jvm.dll+0x30af0b]
V  [jvm.dll+0x3123b6]
V  [jvm.dll+0x361dfe]
V  [jvm.dll+0x36202f]
V  [jvm.dll+0x2e0d38]
V  [jvm.dll+0x2e1ca4]
V  [jvm.dll+0x811f21]
V  [jvm.dll+0x36fb68]
V  [jvm.dll+0x7f0896]
V  [jvm.dll+0x3f3d2f]
V  [jvm.dll+0x3f58e1]
C  [jli.dll+0x528f]
C  [ucrtbase.dll+0x21bb2]
C  [KERNEL32.DLL+0x17344]
C  [ntdll.dll+0x526b1]


---------------  P R O C E S S  ---------------

Threads class SMR info:
_java_thread_list=0x00007ffa91c1efd8, length=0, elements={
}

Java Threads: ( => current thread )

Other Threads:
  0x000001433120b200 GCTaskThread "GC Thread#0" [stack: 0x0000003f18500000,0x0000003f18600000] [id=3520]
  0x000001433121bf90 ConcurrentGCThread "G1 Main Marker" [stack: 0x0000003f18600000,0x0000003f18700000] [id=1392]
  0x000001433121d150 ConcurrentGCThread "G1 Conc#0" [stack: 0x0000003f18700000,0x0000003f18800000] [id=8480]

[error occurred during error reporting (printing all threads), id 0xc0000005, EXCEPTION_ACCESS_VIOLATION (0xc0000005) at pc=0x00007ffa913d1907]

VM state: not at safepoint (not fully initialized)

VM Mutex/Monitor currently owned by a thread:  ([mutex/lock_event])
[0x00000143311a8930] Heap_lock - owner thread: 0x00000143311ad570

Heap address: 0x0000000080e00000, size: 2034 MB, Compressed Oops mode: 32-bit

CDS archive(s) mapped at: [0x0000000000000000-0x0000000000000000-0x0000000000000000), size 0, SharedBaseAddress: 0x0000000800000000, ArchiveRelocationMode: 1.
Narrow klass base: 0x0000000000000000, Narrow klass shift: 0, Narrow klass range: 0x0

GC Precious Log:
<Empty>

Heap:
 garbage-first heap   total 0K, used 0K [0x0000000080e00000, 0x0000000100000000)
  region size 1024K, 0 young (0K), 0 survivors (0K)
 Metaspace       used 0K, committed 0K, reserved 0K
  class space    used 0K, committed 0K, reserved 0K

Heap Regions: E=young(eden), S=young(survivor), O=old, HS=humongous(starts), HC=humongous(continues), CS=collection set, F=free, OA=open archive, CA=closed archive, TAMS=top-at-mark-start (previous, next)

Card table byte_map: [0x00000143458c0000,0x0000014345cc0000] _byte_map_base: 0x00000143454b9000

Marking Bits (Prev, Next): (CMBitMap*) 0x000001433120b820, (CMBitMap*) 0x000001433120b860
 Prev Bits: [0x00000143460c0000, 0x0000014348088000)
 Next Bits: [0x0000014348090000, 0x000001434a058000)

GC Heap History (0 events):
No events

Dll operation events (1 events):
Event: 0.008 Loaded shared library C:\Program Files\Android\Android Studio\jbr\bin\java.dll

Deoptimization events (0 events):
No events

Classes unloaded (0 events):
No events

Classes redefined (0 events):
No events

Internal exceptions (0 events):
No events

VM Operations (0 events):
No events

Events (0 events):
No events


Dynamic libraries:
0x00007ff60f8c0000 - 0x00007ff60f8ca000 	C:\Program Files\Android\Android Studio\jbr\bin\java.exe
0x00007ffad56d0000 - 0x00007ffad58c8000 	C:\WINDOWS\SYSTEM32\ntdll.dll
0x00007ffad5520000 - 0x00007ffad55dd000 	C:\WINDOWS\System32\KERNEL32.DLL
0x00007ffad30e0000 - 0x00007ffad33d6000 	C:\WINDOWS\System32\KERNELBASE.dll
0x00007ffad2e30000 - 0x00007ffad2f30000 	C:\WINDOWS\System32\ucrtbase.dll
0x00007ffaa48e0000 - 0x00007ffaa48fb000 	C:\Program Files\Android\Android Studio\jbr\bin\VCRUNTIME140.dll
0x00007ffab4820000 - 0x00007ffab4837000 	C:\Program Files\Android\Android Studio\jbr\bin\jli.dll
0x00007ffad3700000 - 0x00007ffad389e000 	C:\WINDOWS\System32\USER32.dll
0x00007ffad3450000 - 0x00007ffad3472000 	C:\WINDOWS\System32\win32u.dll
0x00007ffac30b0000 - 0x00007ffac334a000 	C:\WINDOWS\WinSxS\amd64_microsoft.windows.common-controls_6595b64144ccf1df_6.0.19041.3636_none_60b6a03d71f818d5\COMCTL32.dll
0x00007ffad4bf0000 - 0x00007ffad4c1b000 	C:\WINDOWS\System32\GDI32.dll
0x00007ffad4370000 - 0x00007ffad440e000 	C:\WINDOWS\System32\msvcrt.dll
0x00007ffad35e0000 - 0x00007ffad36f7000 	C:\WINDOWS\System32\gdi32full.dll
0x00007ffad34b0000 - 0x00007ffad354d000 	C:\WINDOWS\System32\msvcp_win.dll
0x00007ffad5650000 - 0x00007ffad5682000 	C:\WINDOWS\System32\IMM32.DLL
0x00007ffaa8640000 - 0x00007ffaa864c000 	C:\Program Files\Android\Android Studio\jbr\bin\vcruntime140_1.dll
0x00007ffa9ca10000 - 0x00007ffa9ca9d000 	C:\Program Files\Android\Android Studio\jbr\bin\msvcp140.dll
0x00007ffa910e0000 - 0x00007ffa91d63000 	C:\Program Files\Android\Android Studio\jbr\bin\server\jvm.dll
0x00007ffad5450000 - 0x00007ffad5500000 	C:\WINDOWS\System32\ADVAPI32.dll
0x00007ffad44d0000 - 0x00007ffad4570000 	C:\WINDOWS\System32\sechost.dll
0x00007ffad4e30000 - 0x00007ffad4f55000 	C:\WINDOWS\System32\RPCRT4.dll
0x00007ffad3480000 - 0x00007ffad34a7000 	C:\WINDOWS\System32\bcrypt.dll
0x00007ffad22d0000 - 0x00007ffad231b000 	C:\WINDOWS\SYSTEM32\POWRPROF.dll
0x00007ffacce30000 - 0x00007ffacce39000 	C:\WINDOWS\SYSTEM32\WSOCK32.dll
0x00007ffad52b0000 - 0x00007ffad531b000 	C:\WINDOWS\System32\WS2_32.dll
0x00007ffac9800000 - 0x00007ffac9827000 	C:\WINDOWS\SYSTEM32\WINMM.dll
0x00007ffacadd0000 - 0x00007ffacadda000 	C:\WINDOWS\SYSTEM32\VERSION.dll
0x00007ffad2190000 - 0x00007ffad21a2000 	C:\WINDOWS\SYSTEM32\UMPDC.dll
0x00007ffad15e0000 - 0x00007ffad15f2000 	C:\WINDOWS\SYSTEM32\kernel.appcore.dll
0x00007ffacab00000 - 0x00007ffacab0a000 	C:\Program Files\Android\Android Studio\jbr\bin\jimage.dll
0x00007ffad1130000 - 0x00007ffad1314000 	C:\WINDOWS\SYSTEM32\DBGHELP.DLL
0x00007ffaa6a20000 - 0x00007ffaa6a54000 	C:\WINDOWS\SYSTEM32\dbgcore.DLL
0x00007ffad3550000 - 0x00007ffad35d2000 	C:\WINDOWS\System32\bcryptPrimitives.dll
0x00007ffab9f90000 - 0x00007ffab9fb5000 	C:\Program Files\Android\Android Studio\jbr\bin\java.dll

dbghelp: loaded successfully - version: 4.0.5 - missing functions: none
symbol engine: initialized successfully - sym options: 0x614 - pdb path: .;C:\Program Files\Android\Android Studio\jbr\bin;C:\WINDOWS\SYSTEM32;C:\WINDOWS\WinSxS\amd64_microsoft.windows.common-controls_6595b64144ccf1df_6.0.19041.3636_none_60b6a03d71f818d5;C:\Program Files\Android\Android Studio\jbr\bin\server

VM Arguments:
java_command: org.jetbrains.kotlin.cli.jvm.K2JVMCompiler @C:\Users\PC\AndroidStudioProjects\FitnessSportsApp-YT-Tutorial\app\build\20240905_10988203801250972048.compiler.options
java_class_path (initial): C:\Users\PC\.gradle\caches\modules-2\files-2.1\org.jetbrains.kotlin\kotlin-compiler-embeddable\1.9.0\2c8c3a7402becca891f12739b3e9fd2dc2adbd7a\kotlin-compiler-embeddable-1.9.0.jar;C:\Users\PC\.gradle\caches\modules-2\files-2.1\org.jetbrains.kotlin\kotlin-stdlib\1.9.0\8ee15ef0c67dc83d874f412d84378d7f0eb50b63\kotlin-stdlib-1.9.0.jar;C:\Users\PC\.gradle\caches\modules-2\files-2.1\org.jetbrains.kotlin\kotlin-script-runtime\1.9.0\4b3102cbbb7e1b58d9d1adf89563f00069ffa7d1\kotlin-script-runtime-1.9.0.jar;C:\Users\PC\.gradle\caches\modules-2\files-2.1\org.jetbrains.kotlin\kotlin-reflect\1.6.10\1cbe9c92c12a94eea200d23c2bbaedaf3daf5132\kotlin-reflect-1.6.10.jar;C:\Users\PC\.gradle\caches\modules-2\files-2.1\org.jetbrains.kotlin\kotlin-daemon-embeddable\1.9.0\186543f5e28cf8d9a0290fecc2cf34301c40a65c\kotlin-daemon-embeddable-1.9.0.jar;C:\Users\PC\.gradle\caches\modules-2\files-2.1\org.jetbrains.intellij.deps\trove4j\1.0.20200330\3afb14d5f9ceb459d724e907a21145e8ff394f02\trove4j-1.0.20200330.jar;C:\Users\PC\.gradle\caches\modules-2\files-2.1\org.jetbrains.kotlin\kotlin-stdlib-common\1.9.0\cd65c21cfd1eec4d44ef09f9f52b6d9f8a720636\kotlin-stdlib-common-1.9.0.jar;C:\Users\PC\.gradle\caches\modules-2\files-2.1\org.jetbrains\annotations\13.0\919f0dfe192fb4e063e7dacadee7f8bb9a2672a9\annotations-13.0.jar
Launcher Type: SUN_STANDARD

[Global flags]
     intx CICompilerCount                          = 3                                         {product} {ergonomic}
     uint ConcGCThreads                            = 1                                         {product} {ergonomic}
     uint G1ConcRefinementThreads                  = 4                                         {product} {ergonomic}
   size_t G1HeapRegionSize                         = 1048576                                   {product} {ergonomic}
    uintx GCDrainStackTargetSize                   = 64                                        {product} {ergonomic}
   size_t InitialHeapSize                          = 134217728                                 {product} {ergonomic}
   size_t MarkStackSize                            = 4194304                                   {product} {ergonomic}
   size_t MaxHeapSize                              = 2132803584                                {product} {ergonomic}
   size_t MinHeapDeltaBytes                        = 1048576                                   {product} {ergonomic}
   size_t MinHeapSize                              = 8388608                                   {product} {ergonomic}
    uintx NonNMethodCodeHeapSize                   = 5832780                                {pd product} {ergonomic}
    uintx NonProfiledCodeHeapSize                  = 122912730                              {pd product} {ergonomic}
    uintx ProfiledCodeHeapSize                     = 122912730                              {pd product} {ergonomic}
    uintx ReservedCodeCacheSize                    = 251658240                              {pd product} {ergonomic}
     bool SegmentedCodeCache                       = true                                      {product} {ergonomic}
   size_t SoftMaxHeapSize                          = 2132803584                             {manageable} {ergonomic}
     bool UseCompressedClassPointers               = true                           {product lp64_product} {ergonomic}
     bool UseCompressedOops                        = true                           {product lp64_product} {ergonomic}
     bool UseG1GC                                  = true                                      {product} {ergonomic}
     bool UseLargePagesIndividualAllocation        = false                                  {pd product} {ergonomic}

Logging:
Log output configuration:
 #0: stdout all=warning uptime,level,tags
 #1: stderr all=off uptime,level,tags

Environment Variables:
PATH=C:\Program Files\Common Files\Oracle\Java\javapath;C:\Program Files (x86)\Common Files\Oracle\Java\javapath;c:\windows\system32;c:\windows;c:\windows\system32\wbem;c:\windows\system32\windowspowershell\v1.0\;c:\windows\system32\openssh\;C:\Program Files (x86)\NVIDIA Corporation\PhysX\Common;D:\xampp\php;C:\ProgramData\ComposerSetup\bin;C:\ProgramData\chocolatey\bin;C:\Program Files\Git\cmd;C:\Users\PC\AppData\Local\Programs\Python\Python39\Scripts\;C:\Users\PC\AppData\Local\Programs\Python\Python39\;C:\Program Files (x86)\Microsoft Visual Studio\Shared\Python39_64;C:\Program Files\MySQL\MySQL Shell 8.0\bin\;C:\Users\PC\AppData\Local\Microsoft\WindowsApps;C:\Users\PC\AppData\Roaming\Composer\vendor\bin;C:\Program Files (x86)\Microsoft Visual Studio\Shared\Python39_64\Scripts;
USERNAME=PC
OS=Windows_NT
PROCESSOR_IDENTIFIER=Intel64 Family 6 Model 60 Stepping 3, GenuineIntel
TMP=C:\Users\PC\AppData\Local\Temp
TEMP=C:\Users\PC\AppData\Local\Temp



Periodic native trim disabled

JNI global refs:
JNI global refs: 0, weak refs: 0

JNI global refs memory usage: 0, weak refs: 0

Process memory usage:
Resident Set Size: 10680K (0% of 8325576K total physical memory with 1201316K free physical memory)

OOME stack traces (most recent first):
Classloader memory used:


---------------  S Y S T E M  ---------------

OS:
 Windows 10 , 64 bit Build 19041 (10.0.19041.3636)
OS uptime: 0 days 10:03 hours

CPU: total 4 (initial active 4) (2 cores per cpu, 2 threads per core) family 6 model 60 stepping 3 microcode 0x27, cx8, cmov, fxsr, ht, mmx, sse, sse2, sse3, ssse3, sse4.1, sse4.2, popcnt, lzcnt, tsc, tscinvbit, avx, avx2, aes, erms, clmul, bmi1, bmi2, fma, vzeroupper, clflush
Processor Information for all 4 processors :
  Max Mhz: 3700, Current Mhz: 3700, Mhz Limit: 3700

Memory: 4k page, system-wide physical 8130M (1173M free)
TotalPageFile size 12028M (AvailPageFile size 77M)
current process WorkingSet (physical memory assigned to process): 10M, peak: 10M
current process commit charge ("private bytes"): 51M, peak: 179M

vm_info: OpenJDK 64-Bit Server VM (17.0.11+0--11852314) for windows-amd64 JRE (17.0.11+0--11852314), built on May 16 2024 21:29:20 by "androidbuild" with MS VC++ 16.10 / 16.11 (VS2019)

END.
